<?xml version="1.0" encoding="UTF-8"?>
<testng-results skipped="0" failed="0" total="1" passed="1">
  <reporter-output>
  </reporter-output>
  <suite name="Default suite" duration-ms="11497" started-at="2016-03-03T06:03:15Z" finished-at="2016-03-03T06:03:26Z">
    <groups>
    </groups>
    <test name="Default test" duration-ms="11497" started-at="2016-03-03T06:03:15Z" finished-at="2016-03-03T06:03:26Z">
      <class name="com.vsii.tsc.TSCSelenium03.tranglt.Test.RegisterTest">
        <test-method status="PASS" signature="beforeClass()[pri:0, instance:com.vsii.tsc.TSCSelenium03.tranglt.Test.RegisterTest@ce8af7]" name="beforeClass" is-config="true" duration-ms="16173" started-at="2016-03-03T13:02:58Z" finished-at="2016-03-03T13:03:15Z">
          <reporter-output>
          </reporter-output>
        </test-method> <!-- beforeClass -->
        <test-method status="PASS" signature="testregisSucc()[pri:0, instance:com.vsii.tsc.TSCSelenium03.tranglt.Test.RegisterTest@ce8af7]" name="testregisSucc" duration-ms="11466" started-at="2016-03-03T13:03:15Z" finished-at="2016-03-03T13:03:26Z">
          <reporter-output>
          </reporter-output>
        </test-method> <!-- testregisSucc -->
        <test-method status="PASS" signature="tearDown()[pri:0, instance:com.vsii.tsc.TSCSelenium03.tranglt.Test.RegisterTest@ce8af7]" name="tearDown" is-config="true" duration-ms="4088" started-at="2016-03-03T13:03:27Z" finished-at="2016-03-03T13:03:31Z">
          <reporter-output>
          </reporter-output>
        </test-method> <!-- tearDown -->
      </class> <!-- com.vsii.tsc.TSCSelenium03.tranglt.Test.RegisterTest -->
    </test> <!-- Default test -->
  </suite> <!-- Default suite -->
</testng-results>
